TN:
SF:/Users/dushao/project/uxcore-mention/src/index.js
FN:28,_interopRequireDefault
FNF:1
FNH:1
FNDA:5,_interopRequireDefault
DA:3,1
DA:6,1
DA:8,1
DA:10,1
DA:12,1
DA:14,1
DA:16,1
DA:18,1
DA:20,1
DA:22,1
DA:24,1
DA:26,1
DA:28,5
DA:30,1
DA:31,1
DA:32,1
DA:33,1
DA:41,1
LF:18
LH:18
BRDA:28,1,0,0
BRDA:28,1,1,5
BRDA:28,2,0,5
BRDA:28,2,1,5
BRF:4
BRH:3
end_of_record
TN:
SF:/Users/dushao/project/uxcore-mention/src/components/Mention.jsx
FN:27,_interopRequireDefault
FN:29,_defaults
FN:31,_classCallCheck
FN:33,_possibleConstructorReturn
FN:35,_inherits
FN:43,(anonymous_6)
FN:46,Mention
FN:63,componentDidMount
FN:73,onFocus
FN:81,setPanelPos
FN:91,selectItem
FN:98,render
FN:115,(anonymous_13)
FN:185,formatter
FN:188,panelFormatter
FN:191,onChange
FNF:16
FNH:14
FNDA:5,_interopRequireDefault
FNDA:0,_defaults
FNDA:29,_classCallCheck
FNDA:29,_possibleConstructorReturn
FNDA:1,_inherits
FNDA:1,(anonymous_6)
FNDA:29,Mention
FNDA:29,componentDidMount
FNDA:22,onFocus
FNDA:11,setPanelPos
FNDA:7,selectItem
FNDA:110,render
FNDA:109,(anonymous_13)
FNDA:0,formatter
FNDA:172,panelFormatter
FNDA:29,onChange
DA:3,1
DA:7,1
DA:9,1
DA:11,1
DA:13,1
DA:15,1
DA:17,1
DA:19,1
DA:21,1
DA:23,1
DA:25,1
DA:27,5
DA:29,1
DA:31,29
DA:33,29
DA:35,1
DA:43,1
DA:44,1
DA:46,1
DA:47,29
DA:49,29
DA:51,29
DA:60,29
DA:63,1
DA:64,29
DA:73,1
DA:74,22
DA:81,1
DA:82,11
DA:86,11
DA:91,1
DA:92,7
DA:95,7
DA:98,1
DA:99,110
DA:101,110
DA:105,110
DA:112,110
DA:116,109
DA:138,1
DA:141,1
DA:142,1
DA:180,1
DA:186,0
DA:189,172
DA:195,1
DA:197,1
DA:198,1
LF:48
LH:47
BRDA:27,1,0,0
BRDA:27,1,1,5
BRDA:27,2,0,5
BRDA:27,2,1,5
BRDA:29,3,0,0
BRDA:29,3,1,0
BRDA:29,4,0,0
BRDA:29,4,1,0
BRDA:29,4,2,0
BRDA:31,5,0,0
BRDA:31,5,1,29
BRDA:33,6,0,0
BRDA:33,6,1,29
BRDA:33,7,0,0
BRDA:33,7,1,29
BRDA:33,8,0,29
BRDA:33,8,1,0
BRDA:33,8,2,0
BRDA:35,9,0,0
BRDA:35,9,1,1
BRDA:35,10,0,1
BRDA:35,10,1,0
BRDA:35,11,0,1
BRDA:35,11,1,1
BRDA:35,12,0,1
BRDA:35,12,1,0
BRDA:35,13,0,1
BRDA:35,13,1,0
BRF:28
BRH:13
end_of_record
TN:
SF:/Users/dushao/project/uxcore-mention/src/components/Panel.jsx
FN:19,_interopRequireDefault
FN:21,_defaults
FN:23,_defineProperty
FN:25,_classCallCheck
FN:27,_possibleConstructorReturn
FN:29,_inherits
FN:31,(anonymous_7)
FN:34,Panel
FN:40,render
FN:57,(anonymous_10)
FNF:10
FNH:9
FNDA:3,_interopRequireDefault
FNDA:0,_defaults
FNDA:327,_defineProperty
FNDA:30,_classCallCheck
FNDA:30,_possibleConstructorReturn
FNDA:1,_inherits
FNDA:1,(anonymous_7)
FNDA:30,Panel
FNDA:127,render
FNDA:200,(anonymous_10)
DA:3,1
DA:7,1
DA:9,1
DA:11,1
DA:13,1
DA:15,1
DA:17,1
DA:19,3
DA:21,1
DA:23,327
DA:25,30
DA:27,30
DA:29,1
DA:31,1
DA:32,1
DA:34,1
DA:35,30
DA:37,30
DA:40,1
DA:41,127
DA:43,127
DA:44,127
DA:52,127
DA:58,200
DA:69,1
DA:72,1
DA:73,1
DA:81,1
DA:89,1
DA:90,1
LF:30
LH:30
BRDA:19,1,0,0
BRDA:19,1,1,3
BRDA:19,2,0,3
BRDA:19,2,1,3
BRDA:21,3,0,0
BRDA:21,3,1,0
BRDA:21,4,0,0
BRDA:21,4,1,0
BRDA:21,4,2,0
BRDA:23,5,0,0
BRDA:23,5,1,327
BRDA:25,6,0,0
BRDA:25,6,1,30
BRDA:27,7,0,0
BRDA:27,7,1,30
BRDA:27,8,0,0
BRDA:27,8,1,30
BRDA:27,9,0,30
BRDA:27,9,1,0
BRDA:27,9,2,0
BRDA:29,10,0,0
BRDA:29,10,1,1
BRDA:29,11,0,1
BRDA:29,11,1,0
BRDA:29,12,0,1
BRDA:29,12,1,1
BRDA:29,13,0,1
BRDA:29,13,1,0
BRDA:29,14,0,1
BRDA:29,14,1,0
BRF:30
BRH:14
end_of_record
TN:
SF:/Users/dushao/project/uxcore-mention/src/components/mentionMixin.js
FN:12,componentDidUpdate
FN:24,onPanelKeyup
FN:54,runMatcher
FN:60,(anonymous_4)
FN:64,_matcher
FN:75,(anonymous_6)
FN:83,next
FNF:7
FNH:7
FNDA:97,componentDidUpdate
FNDA:31,onPanelKeyup
FNDA:13,runMatcher
FNDA:13,(anonymous_4)
FNDA:13,_matcher
FNDA:104,(anonymous_6)
FNDA:13,next
DA:3,1
DA:7,1
DA:9,1
DA:11,1
DA:13,97
DA:14,23
DA:18,97
DA:19,13
DA:25,31
DA:30,31
DA:31,18
DA:32,18
DA:34,1
DA:37,1
DA:39,10
DA:42,10
DA:44,6
DA:45,6
DA:47,1
DA:50,1
DA:55,13
DA:57,13
DA:58,12
DA:60,13
DA:61,13
DA:65,13
DA:69,13
DA:73,13
DA:74,13
DA:75,13
DA:76,104
DA:79,0
DA:84,13
DA:85,13
DA:86,13
DA:88,13
DA:93,1
LF:37
LH:36
BRDA:13,1,0,23
BRDA:13,1,1,74
BRDA:18,2,0,13
BRDA:18,2,1,84
BRDA:18,3,0,97
BRDA:18,3,1,53
BRDA:30,4,0,18
BRDA:30,4,1,13
BRDA:32,5,0,1
BRDA:32,5,1,10
BRDA:32,5,2,6
BRDA:32,5,3,1
BRDA:35,6,0,0
BRDA:35,6,1,1
BRDA:40,7,0,0
BRDA:40,7,1,10
BRDA:57,8,0,12
BRDA:57,8,1,1
BRDA:73,9,0,13
BRDA:73,9,1,0
BRDA:73,10,0,13
BRDA:73,10,1,13
BRDA:74,11,0,13
BRDA:74,11,1,0
BRDA:85,12,0,13
BRDA:85,12,1,0
BRF:26
BRH:21
end_of_record
TN:
SF:/Users/dushao/project/uxcore-mention/src/utils/keycode.js
FNF:0
FNH:0
DA:3,1
DA:6,1
LF:2
LH:2
BRF:0
BRH:0
end_of_record
TN:
SF:/Users/dushao/project/uxcore-mention/src/editor-components/contentEditableEditor.jsx
FN:21,_interopRequireDefault
FN:23,_defaults
FN:25,_classCallCheck
FN:27,_possibleConstructorReturn
FN:29,_inherits
FN:34,(anonymous_6)
FN:44,(anonymous_7)
FN:47,ContentEditableEditor
FN:60,componentDidMount
FN:76,componentWillReceiveProps
FN:82,componentWillUnmount
FN:88,handleEnterPress
FN:106,handleDefaultKeyup
FN:129,onInput
FN:135,onMutation
FN:139,onBlur
FN:146,onFocus
FN:153,insert
FN:162,(anonymous_19)
FN:168,(anonymous_20)
FN:174,addSelectPerson
FN:188,extractContent
FN:210,emitChange
FN:240,render
FN:255,ref
FN:270,onClick
FN:351,mentionFormatter
FN:354,onChange
FN:355,onAdd
FNF:29
FNH:27
FNDA:3,_interopRequireDefault
FNDA:0,_defaults
FNDA:14,_classCallCheck
FNDA:14,_possibleConstructorReturn
FNDA:1,_inherits
FNDA:1,(anonymous_6)
FNDA:1,(anonymous_7)
FNDA:14,ContentEditableEditor
FNDA:14,componentDidMount
FNDA:38,componentWillReceiveProps
FNDA:12,componentWillUnmount
FNDA:1,handleEnterPress
FNDA:5,handleDefaultKeyup
FNDA:8,onInput
FNDA:11,onMutation
FNDA:1,onBlur
FNDA:7,onFocus
FNDA:3,insert
FNDA:0,(anonymous_19)
FNDA:3,(anonymous_20)
FNDA:3,addSelectPerson
FNDA:13,extractContent
FNDA:13,emitChange
FNDA:72,render
FNDA:142,ref
FNDA:1,onClick
FNDA:3,mentionFormatter
FNDA:1,onChange
FNDA:3,onAdd
DA:3,1
DA:7,1
DA:9,1
DA:11,1
DA:13,1
DA:15,1
DA:17,1
DA:19,1
DA:21,3
DA:23,1
DA:25,14
DA:27,14
DA:29,1
DA:31,1
DA:34,1
DA:36,1
DA:37,1
DA:38,1
DA:39,1
DA:41,0
DA:44,1
DA:45,1
DA:47,1
DA:48,14
DA:50,14
DA:52,14
DA:57,14
DA:60,1
DA:61,14
DA:62,14
DA:63,1
DA:65,14
DA:66,14
DA:67,14
DA:68,14
DA:76,1
DA:77,38
DA:78,1
DA:82,1
DA:83,12
DA:84,11
DA:88,1
DA:89,1
DA:90,1
DA:91,1
DA:92,1
DA:96,1
DA:97,1
DA:99,1
DA:100,1
DA:101,1
DA:102,1
DA:103,1
DA:106,1
DA:107,5
DA:109,5
DA:110,5
DA:111,5
DA:112,5
DA:113,5
DA:114,5
DA:116,5
DA:117,5
DA:119,5
DA:120,5
DA:122,5
DA:124,5
DA:129,1
DA:130,8
DA:131,1
DA:135,1
DA:136,11
DA:139,1
DA:140,1
DA:141,1
DA:146,1
DA:147,7
DA:150,7
DA:153,1
DA:154,3
DA:156,3
DA:157,3
DA:158,3
DA:159,3
DA:160,3
DA:161,3
DA:162,0
DA:163,0
DA:166,3
DA:168,3
DA:169,3
DA:174,1
DA:175,3
DA:176,3
DA:177,3
DA:178,3
DA:179,3
DA:180,3
DA:182,3
DA:183,3
DA:184,3
DA:185,3
DA:188,1
DA:190,13
DA:191,13
DA:192,13
DA:193,13
DA:194,16
DA:195,16
DA:196,4
DA:197,4
DA:198,2
DA:199,2
DA:200,2
DA:202,12
DA:203,12
DA:207,13
DA:210,1
DA:211,13
DA:212,0
DA:213,0
DA:215,13
DA:216,1
DA:218,1
DA:219,1
DA:220,1
DA:222,0
DA:224,1
DA:226,13
DA:227,13
DA:228,13
DA:231,13
DA:232,0
DA:233,0
DA:235,0
DA:237,13
DA:240,1
DA:241,72
DA:243,72
DA:244,72
DA:246,72
DA:250,72
DA:256,142
DA:271,1
DA:272,1
DA:280,1
DA:283,1
DA:284,1
DA:346,1
DA:352,3
DA:361,1
DA:362,1
LF:152
LH:143
BRDA:21,1,0,0
BRDA:21,1,1,3
BRDA:21,2,0,3
BRDA:21,2,1,3
BRDA:23,3,0,0
BRDA:23,3,1,0
BRDA:23,4,0,0
BRDA:23,4,1,0
BRDA:23,4,2,0
BRDA:25,5,0,0
BRDA:25,5,1,14
BRDA:27,6,0,0
BRDA:27,6,1,14
BRDA:27,7,0,14
BRDA:27,7,1,0
BRDA:27,8,0,14
BRDA:27,8,1,14
BRDA:27,8,2,0
BRDA:29,9,0,0
BRDA:29,9,1,1
BRDA:29,10,0,1
BRDA:29,10,1,0
BRDA:29,11,0,1
BRDA:29,11,1,1
BRDA:29,12,0,1
BRDA:29,12,1,0
BRDA:29,13,0,1
BRDA:29,13,1,0
BRDA:36,14,0,1
BRDA:36,14,1,0
BRDA:39,15,0,1
BRDA:39,15,1,0
BRDA:54,16,0,14
BRDA:54,16,1,13
BRDA:62,17,0,1
BRDA:62,17,1,13
BRDA:65,18,0,14
BRDA:65,18,1,0
BRDA:65,18,2,0
BRDA:66,19,0,14
BRDA:66,19,1,0
BRDA:77,20,0,1
BRDA:77,20,1,37
BRDA:83,21,0,11
BRDA:83,21,1,1
BRDA:96,22,0,1
BRDA:96,22,1,0
BRDA:96,23,0,1
BRDA:96,23,1,1
BRDA:111,24,0,5
BRDA:111,24,1,0
BRDA:117,25,0,5
BRDA:117,25,1,0
BRDA:130,26,0,1
BRDA:130,26,1,7
BRDA:158,27,0,3
BRDA:158,27,1,0
BRDA:161,28,0,0
BRDA:161,28,1,3
BRDA:195,29,0,4
BRDA:195,29,1,12
BRDA:197,30,0,2
BRDA:197,30,1,2
BRDA:199,31,0,2
BRDA:199,31,1,0
BRDA:202,32,0,12
BRDA:202,32,1,0
BRDA:203,33,0,12
BRDA:203,33,1,2
BRDA:211,34,0,0
BRDA:211,34,1,13
BRDA:215,35,0,1
BRDA:215,35,1,12
BRDA:220,36,0,0
BRDA:220,36,1,1
BRDA:227,37,0,0
BRDA:227,37,1,13
BRDA:231,38,0,0
BRDA:231,38,1,13
BRDA:231,39,0,13
BRDA:231,39,1,0
BRDA:260,40,0,0
BRDA:260,40,1,72
BRDA:266,41,0,14
BRDA:266,41,1,58
BRDA:266,42,0,72
BRDA:266,42,1,25
BRF:87
BRH:55
end_of_record
TN:
SF:/Users/dushao/project/uxcore-mention/src/editor-components/baseEditor.js
FN:17,_interopRequireDefault
FN:19,_defaults
FN:21,_classCallCheck
FN:23,_possibleConstructorReturn
FN:25,_inherits
FN:27,(anonymous_6)
FN:30,BaseEditor
FN:36,onFocus
FN:40,onKeydown
FN:62,onKeyup
FN:82,insertMentionData
FNF:11
FNH:10
FNDA:1,_interopRequireDefault
FNDA:0,_defaults
FNDA:32,_classCallCheck
FNDA:32,_possibleConstructorReturn
FNDA:1,_inherits
FNDA:1,(anonymous_6)
FNDA:32,BaseEditor
FNDA:15,onFocus
FNDA:29,onKeydown
FNDA:26,onKeyup
FNDA:9,insertMentionData
DA:3,1
DA:7,1
DA:9,1
DA:11,1
DA:13,1
DA:15,1
DA:17,1
DA:19,1
DA:21,32
DA:23,32
DA:25,1
DA:27,1
DA:28,1
DA:30,1
DA:31,32
DA:33,32
DA:36,1
DA:37,15
DA:40,1
DA:41,29
DA:43,29
DA:46,10
DA:47,10
DA:49,10
DA:51,5
DA:52,4
DA:53,1
DA:54,1
DA:56,5
DA:58,14
DA:62,1
DA:63,26
DA:65,26
DA:68,10
DA:69,10
DA:71,10
DA:73,5
DA:75,11
DA:76,11
DA:78,11
DA:82,1
DA:83,9
DA:87,9
DA:88,9
DA:89,9
DA:92,1
DA:95,1
DA:96,1
DA:102,1
DA:103,1
DA:104,1
LF:51
LH:51
BRDA:17,1,0,0
BRDA:17,1,1,1
BRDA:17,2,0,1
BRDA:17,2,1,1
BRDA:19,3,0,0
BRDA:19,3,1,0
BRDA:19,4,0,0
BRDA:19,4,1,0
BRDA:19,4,2,0
BRDA:21,5,0,0
BRDA:21,5,1,32
BRDA:23,6,0,0
BRDA:23,6,1,32
BRDA:23,7,0,0
BRDA:23,7,1,32
BRDA:23,8,0,32
BRDA:23,8,1,0
BRDA:23,8,2,0
BRDA:25,9,0,0
BRDA:25,9,1,1
BRDA:25,10,0,1
BRDA:25,10,1,0
BRDA:25,11,0,1
BRDA:25,11,1,1
BRDA:25,12,0,1
BRDA:25,12,1,0
BRDA:25,13,0,1
BRDA:25,13,1,0
BRDA:43,14,0,1
BRDA:43,14,1,10
BRDA:43,14,2,5
BRDA:43,14,3,14
BRDA:46,15,0,10
BRDA:46,15,1,0
BRDA:51,16,0,4
BRDA:51,16,1,1
BRDA:53,17,0,1
BRDA:53,17,1,0
BRDA:65,18,0,1
BRDA:65,18,1,10
BRDA:65,18,2,5
BRDA:65,18,3,11
BRDA:68,19,0,10
BRDA:68,19,1,0
BRDA:75,20,0,11
BRDA:75,20,1,0
BRF:46
BRH:27
end_of_record
TN:
SF:/Users/dushao/project/uxcore-mention/src/utils/rangy-position.js
FN:3,(anonymous_1)
FN:3,(anonymous_2)
FN:21,(anonymous_3)
FN:38,getScrollPosition
FN:59,getAncestorElement
FN:70,Rect
FN:79,createRelativeRect
FN:83,adjustClientRect
FN:101,mergeRects
FN:118,getTextRangePosition
FN:125,caretPositionFromPoint
FN:130,caretRangeFromPoint
FN:135,getLastRangeRect
FN:140,pointIsInOrAboveRect
FN:145,positionFromPoint
FN:201,createCaretPositionFromPointGetter
FN:215,createRangeFromPoints
FN:226,moveSelectionToPoints
FN:266,createClientBoundaryPosGetter
FN:267,(anonymous_20)
FN:280,(anonymous_21)
FN:284,(anonymous_22)
FN:336,createWrappedRange
FN:340,(anonymous_24)
FN:347,createClientBoundaryPosGetter
FN:348,(anonymous_26)
FN:375,(anonymous_27)
FN:380,(anonymous_28)
FN:393,getRectFromBoundaries
FN:419,(anonymous_30)
FN:432,(anonymous_31)
FN:437,createDocumentBoundaryPosGetter
FN:438,(anonymous_33)
FN:446,getBoundingDocumentRect
FN:457,compareRanges
FN:460,createSelectionRectGetter
FN:461,(anonymous_37)
FN:471,createSelectionBoundaryPosGetter
FN:472,(anonymous_39)
FN:496,(anonymous_40)
FNF:40
FNH:7
FNDA:0,(anonymous_1)
FNDA:0,(anonymous_2)
FNDA:1,(anonymous_3)
FNDA:0,getScrollPosition
FNDA:0,getAncestorElement
FNDA:0,Rect
FNDA:0,createRelativeRect
FNDA:0,adjustClientRect
FNDA:0,mergeRects
FNDA:0,getTextRangePosition
FNDA:0,caretPositionFromPoint
FNDA:0,caretRangeFromPoint
FNDA:0,getLastRangeRect
FNDA:0,pointIsInOrAboveRect
FNDA:0,positionFromPoint
FNDA:0,createCaretPositionFromPointGetter
FNDA:0,createRangeFromPoints
FNDA:0,moveSelectionToPoints
FNDA:0,createClientBoundaryPosGetter
FNDA:0,(anonymous_20)
FNDA:0,(anonymous_21)
FNDA:0,(anonymous_22)
FNDA:5,createWrappedRange
FNDA:0,(anonymous_24)
FNDA:2,createClientBoundaryPosGetter
FNDA:5,(anonymous_26)
FNDA:0,(anonymous_27)
FNDA:0,(anonymous_28)
FNDA:0,getRectFromBoundaries
FNDA:0,(anonymous_30)
FNDA:0,(anonymous_31)
FNDA:2,createDocumentBoundaryPosGetter
FNDA:0,(anonymous_33)
FNDA:0,getBoundingDocumentRect
FNDA:0,compareRanges
FNDA:2,createSelectionRectGetter
FNDA:0,(anonymous_37)
FNDA:4,createSelectionBoundaryPosGetter
FNDA:0,(anonymous_39)
FNDA:0,(anonymous_40)
DA:3,1
DA:20,1
DA:21,1
DA:23,1
DA:24,1
DA:25,1
DA:26,1
DA:27,1
DA:28,1
DA:29,1
DA:38,1
DA:39,0
DA:41,0
DA:42,0
DA:43,0
DA:45,0
DA:46,0
DA:47,0
DA:48,0
DA:49,0
DA:50,0
DA:51,0
DA:52,0
DA:56,0
DA:59,1
DA:60,0
DA:61,0
DA:62,0
DA:63,0
DA:65,0
DA:67,0
DA:70,1
DA:71,0
DA:72,0
DA:73,0
DA:74,0
DA:75,0
DA:76,0
DA:79,1
DA:80,0
DA:83,1
DA:85,0
DA:86,0
DA:87,0
DA:88,0
DA:89,0
DA:90,0
DA:91,0
DA:92,0
DA:93,0
DA:95,0
DA:96,0
DA:98,0
DA:101,1
DA:102,0
DA:106,0
DA:107,0
DA:108,0
DA:109,0
DA:110,0
DA:111,0
DA:112,0
DA:115,0
DA:118,1
DA:119,0
DA:120,0
DA:121,0
DA:122,0
DA:125,1
DA:126,0
DA:127,0
DA:130,1
DA:131,0
DA:132,0
DA:135,1
DA:136,0
DA:137,0
DA:140,1
DA:141,0
DA:142,0
DA:145,1
DA:146,0
DA:147,0
DA:148,0
DA:149,0
DA:150,0
DA:151,0
DA:155,0
DA:156,0
DA:157,0
DA:158,0
DA:159,0
DA:163,0
DA:164,0
DA:165,0
DA:167,0
DA:168,0
DA:169,0
DA:170,0
DA:172,0
DA:173,0
DA:175,0
DA:180,0
DA:181,0
DA:182,0
DA:183,0
DA:184,0
DA:185,0
DA:186,0
DA:188,0
DA:191,0
DA:193,0
DA:194,0
DA:195,0
DA:198,0
DA:201,1
DA:202,0
DA:203,0
DA:204,0
DA:205,0
DA:206,0
DA:207,0
DA:208,0
DA:209,0
DA:211,0
DA:215,1
DA:216,0
DA:217,0
DA:218,0
DA:219,0
DA:220,0
DA:221,0
DA:222,0
DA:223,0
DA:226,1
DA:227,0
DA:229,0
DA:230,0
DA:231,0
DA:232,0
DA:233,0
DA:234,0
DA:235,0
DA:236,0
DA:238,0
DA:239,0
DA:240,0
DA:241,0
DA:243,0
DA:244,0
DA:248,1
DA:249,1
DA:250,1
DA:253,1
DA:255,1
DA:256,1
DA:257,1
DA:258,1
DA:261,1
DA:266,1
DA:267,0
DA:271,0
DA:272,0
DA:278,1
DA:279,1
DA:280,0
DA:282,0
DA:284,0
DA:285,0
DA:288,0
DA:291,0
DA:292,0
DA:293,0
DA:295,0
DA:296,0
DA:299,0
DA:300,0
DA:301,0
DA:303,0
DA:304,0
DA:306,0
DA:307,0
DA:309,0
DA:310,0
DA:311,0
DA:312,0
DA:313,0
DA:314,0
DA:316,0
DA:318,0
DA:322,0
DA:323,0
DA:324,0
DA:325,0
DA:326,0
DA:328,0
DA:330,0
DA:333,0
DA:335,1
DA:336,1
DA:337,5
DA:339,1
DA:340,1
DA:341,0
DA:343,0
DA:344,0
DA:346,1
DA:347,1
DA:348,2
DA:349,5
DA:351,5
DA:352,5
DA:353,0
DA:354,0
DA:355,0
DA:356,0
DA:360,5
DA:361,5
DA:362,0
DA:363,0
DA:365,5
DA:366,5
DA:369,0
DA:375,0
DA:376,0
DA:381,0
DA:386,0
DA:387,0
DA:388,0
DA:389,0
DA:391,0
DA:393,0
DA:394,0
DA:395,0
DA:396,0
DA:397,0
DA:398,0
DA:399,0
DA:400,0
DA:404,0
DA:406,0
DA:407,0
DA:408,0
DA:409,0
DA:412,0
DA:413,0
DA:414,0
DA:415,0
DA:417,0
DA:419,0
DA:420,0
DA:423,0
DA:424,0
DA:426,0
DA:429,0
DA:430,0
DA:432,0
DA:433,0
DA:437,1
DA:438,2
DA:439,0
DA:440,0
DA:441,0
DA:445,1
DA:447,0
DA:448,0
DA:457,1
DA:458,0
DA:460,1
DA:461,2
DA:462,0
DA:463,0
DA:464,0
DA:465,0
DA:467,0
DA:471,1
DA:472,4
DA:473,0
DA:474,0
DA:476,0
DA:477,0
DA:478,0
DA:480,0
DA:482,0
DA:486,1
DA:496,1
DA:497,0
DA:498,0
DA:500,1
DA:501,1
LF:290
LH:64
BRDA:3,1,0,1
BRDA:3,1,1,0
BRDA:3,2,0,1
BRDA:3,2,1,1
BRDA:3,3,0,0
BRDA:3,3,1,0
BRDA:3,4,0,0
BRDA:3,4,1,0
BRDA:3,4,2,0
BRDA:3,4,3,0
BRDA:20,5,0,1
BRDA:20,5,1,0
BRDA:41,6,0,0
BRDA:41,6,1,0
BRDA:41,7,0,0
BRDA:41,7,1,0
BRDA:48,8,0,0
BRDA:48,8,1,0
BRDA:48,9,0,0
BRDA:48,9,1,0
BRDA:48,9,2,0
BRDA:49,10,0,0
BRDA:49,10,1,0
BRDA:49,11,0,0
BRDA:49,11,1,0
BRDA:49,11,2,0
BRDA:62,12,0,0
BRDA:62,12,1,0
BRDA:62,13,0,0
BRDA:62,13,1,0
BRDA:89,14,0,0
BRDA:89,14,1,0
BRDA:89,15,0,0
BRDA:89,15,1,0
BRDA:92,16,0,0
BRDA:92,16,1,0
BRDA:95,17,0,0
BRDA:95,17,1,0
BRDA:108,18,0,0
BRDA:108,18,1,0
BRDA:136,19,0,0
BRDA:136,19,1,0
BRDA:137,20,0,0
BRDA:137,20,1,0
BRDA:142,21,0,0
BRDA:142,21,1,0
BRDA:142,21,2,0
BRDA:155,22,0,0
BRDA:155,22,1,0
BRDA:158,23,0,0
BRDA:158,23,1,0
BRDA:165,24,0,0
BRDA:165,24,1,0
BRDA:170,25,0,0
BRDA:170,25,1,0
BRDA:170,26,0,0
BRDA:170,26,1,0
BRDA:172,27,0,0
BRDA:172,27,1,0
BRDA:182,28,0,0
BRDA:182,28,1,0
BRDA:182,29,0,0
BRDA:182,29,1,0
BRDA:185,30,0,0
BRDA:185,30,1,0
BRDA:193,31,0,0
BRDA:193,31,1,0
BRDA:202,32,0,0
BRDA:202,32,1,0
BRDA:204,33,0,0
BRDA:204,33,1,0
BRDA:206,34,0,0
BRDA:206,34,1,0
BRDA:208,35,0,0
BRDA:208,35,1,0
BRDA:208,36,0,0
BRDA:208,36,1,0
BRDA:229,37,0,0
BRDA:229,37,1,0
BRDA:229,37,2,0
BRDA:232,38,0,0
BRDA:232,38,1,0
BRDA:255,39,0,1
BRDA:255,39,1,0
BRDA:273,40,0,0
BRDA:273,40,1,0
BRDA:274,41,0,0
BRDA:274,41,1,0
BRDA:279,42,0,0
BRDA:279,42,1,1
BRDA:279,43,0,1
BRDA:279,43,1,0
BRDA:291,44,0,0
BRDA:291,44,1,0
BRDA:296,45,0,0
BRDA:296,45,1,0
BRDA:296,46,0,0
BRDA:296,46,1,0
BRDA:300,47,0,0
BRDA:300,47,1,0
BRDA:306,48,0,0
BRDA:306,48,1,0
BRDA:311,49,0,0
BRDA:311,49,1,0
BRDA:313,50,0,0
BRDA:313,50,1,0
BRDA:323,51,0,0
BRDA:323,51,1,0
BRDA:323,52,0,0
BRDA:323,52,1,0
BRDA:335,53,0,1
BRDA:335,53,1,0
BRDA:337,54,0,5
BRDA:337,54,1,0
BRDA:339,55,0,1
BRDA:339,55,1,0
BRDA:343,56,0,0
BRDA:343,56,1,0
BRDA:346,57,0,1
BRDA:346,57,1,0
BRDA:352,58,0,0
BRDA:352,58,1,5
BRDA:352,59,0,5
BRDA:352,59,1,0
BRDA:353,60,0,0
BRDA:353,60,1,0
BRDA:353,61,0,0
BRDA:353,61,1,0
BRDA:353,61,2,0
BRDA:355,62,0,0
BRDA:355,62,1,0
BRDA:360,63,0,5
BRDA:360,63,1,0
BRDA:361,64,0,0
BRDA:361,64,1,5
BRDA:375,65,0,0
BRDA:375,65,1,0
BRDA:397,66,0,0
BRDA:397,66,1,0
BRDA:439,67,0,0
BRDA:439,67,1,0
BRDA:462,68,0,0
BRDA:462,68,1,0
BRDA:473,69,0,0
BRDA:473,69,1,0
BRDA:476,70,0,0
BRDA:476,70,1,0
BRDA:478,71,0,0
BRDA:478,71,1,0
BRDA:482,72,0,0
BRDA:482,72,1,0
BRF:151
BRH:15
end_of_record
TN:
SF:/Users/dushao/project/uxcore-mention/src/utils/util.js
FN:13,parseStrByDelimiter
FN:31,getScrollOffset
FN:46,getCaretOffset
FN:77,getElementOffset
FN:106,getCaretPosition
FN:146,(anonymous_6)
FN:187,createEvent
FNF:7
FNH:7
FNDA:13,parseStrByDelimiter
FNDA:6,getScrollOffset
FNDA:6,getCaretOffset
FNDA:12,getElementOffset
FNDA:6,getCaretPosition
FNDA:186,(anonymous_6)
FNDA:5,createEvent
DA:3,1
DA:13,1
DA:14,13
DA:15,13
DA:17,13
DA:18,13
DA:19,13
DA:20,13
DA:22,0
DA:24,13
DA:31,1
DA:32,6
DA:33,6
DA:34,0
DA:36,6
DA:38,6
DA:39,0
DA:41,6
DA:43,6
DA:46,1
DA:47,6
DA:48,6
DA:49,6
DA:50,6
DA:51,6
DA:53,0
DA:54,0
DA:55,0
DA:57,0
DA:58,0
DA:59,0
DA:60,0
DA:61,0
DA:62,0
DA:64,0
DA:66,0
DA:67,0
DA:69,0
DA:71,6
DA:77,1
DA:78,12
DA:79,12
DA:80,12
DA:81,12
DA:82,12
DA:83,12
DA:84,12
DA:86,12
DA:96,1
DA:106,1
DA:107,6
DA:108,6
DA:109,6
DA:110,0
DA:111,0
DA:112,0
DA:113,0
DA:115,6
DA:116,6
DA:117,6
DA:118,6
DA:119,6
DA:120,6
DA:121,6
DA:122,6
DA:124,6
DA:125,6
DA:126,6
DA:128,6
DA:129,6
DA:130,6
DA:132,6
DA:133,6
DA:135,6
DA:137,3
DA:138,3
DA:140,3
DA:143,6
DA:144,6
DA:145,6
DA:146,6
DA:147,186
DA:150,6
DA:151,6
DA:153,6
DA:154,6
DA:155,3
DA:156,3
DA:157,0
DA:159,3
DA:161,3
DA:163,6
DA:164,6
DA:165,6
DA:166,6
DA:167,6
DA:168,6
DA:170,6
DA:171,6
DA:172,6
DA:175,6
DA:176,6
DA:177,6
DA:178,6
DA:179,6
DA:181,6
DA:187,1
DA:188,5
DA:189,5
DA:190,5
DA:191,5
DA:192,5
DA:194,0
DA:195,0
DA:197,5
DA:200,1
DA:201,1
DA:202,1
DA:203,1
DA:204,1
LF:120
LH:97
BRDA:14,1,0,13
BRDA:14,1,1,0
BRDA:14,2,0,13
BRDA:14,2,1,13
BRDA:15,3,0,11
BRDA:15,3,1,2
BRDA:15,4,0,13
BRDA:15,4,1,13
BRDA:19,5,0,13
BRDA:19,5,1,0
BRDA:33,6,0,0
BRDA:33,6,1,6
BRDA:38,7,0,0
BRDA:38,7,1,6
BRDA:49,8,0,6
BRDA:49,8,1,0
BRDA:55,9,0,0
BRDA:55,9,1,0
BRDA:64,10,0,0
BRDA:64,10,1,0
BRDA:81,11,0,12
BRDA:81,11,1,12
BRDA:81,11,2,12
BRDA:82,12,0,12
BRDA:82,12,1,12
BRDA:82,12,2,12
BRDA:83,13,0,12
BRDA:83,13,1,12
BRDA:84,14,0,12
BRDA:84,14,1,12
BRDA:109,15,0,0
BRDA:109,15,1,6
BRDA:118,16,0,6
BRDA:118,16,1,6
BRDA:119,17,0,6
BRDA:119,17,1,6
BRDA:120,18,0,6
BRDA:120,18,1,6
BRDA:122,19,0,6
BRDA:122,19,1,0
BRDA:133,20,0,6
BRDA:133,20,1,0
BRDA:135,21,0,3
BRDA:135,21,1,3
BRDA:154,22,0,3
BRDA:154,22,1,3
BRDA:156,23,0,0
BRDA:156,23,1,3
BRDA:189,24,0,5
BRDA:189,24,1,0
BRF:50
BRH:36
end_of_record
TN:
SF:/Users/dushao/project/uxcore-mention/src/editor-components/textareaEditor.jsx
FN:7,(anonymous_1)
FN:23,_interopRequireDefault
FN:25,_defaults
FN:27,_classCallCheck
FN:29,_possibleConstructorReturn
FN:31,_inherits
FN:37,(anonymous_7)
FN:40,TextareaEditor
FN:52,componentWillReceiveProps
FN:60,componentDidMount
FN:67,handleDefaultKeyup
FN:91,insert
FN:95,insertContentAtCaret
FN:115,(anonymous_14)
FN:124,handleChange
FN:131,render
FN:148,ref
FN:235,mentionFormatter
FN:239,onAdd
FNF:19
FNH:17
FNDA:0,(anonymous_1)
FNDA:3,_interopRequireDefault
FNDA:0,_defaults
FNDA:9,_classCallCheck
FNDA:9,_possibleConstructorReturn
FNDA:1,_inherits
FNDA:1,(anonymous_7)
FNDA:9,TextareaEditor
FNDA:23,componentWillReceiveProps
FNDA:9,componentDidMount
FNDA:3,handleDefaultKeyup
FNDA:3,insert
FNDA:3,insertContentAtCaret
FNDA:3,(anonymous_14)
FNDA:6,handleChange
FNDA:40,render
FNDA:71,ref
FNDA:2,mentionFormatter
FNDA:2,onAdd
DA:3,1
DA:7,1
DA:9,1
DA:11,1
DA:13,1
DA:15,1
DA:17,1
DA:19,1
DA:21,1
DA:23,3
DA:25,1
DA:27,9
DA:29,9
DA:31,1
DA:37,1
DA:38,1
DA:40,1
DA:41,9
DA:43,9
DA:45,9
DA:48,9
DA:49,9
DA:52,1
DA:53,23
DA:54,1
DA:60,1
DA:61,9
DA:67,1
DA:68,3
DA:69,3
DA:71,3
DA:72,3
DA:74,3
DA:75,3
DA:76,3
DA:77,3
DA:78,3
DA:82,3
DA:83,3
DA:84,3
DA:91,1
DA:92,3
DA:95,1
DA:96,3
DA:97,3
DA:98,0
DA:99,0
DA:100,0
DA:101,0
DA:102,0
DA:103,0
DA:104,0
DA:105,0
DA:106,0
DA:109,3
DA:110,3
DA:112,3
DA:113,3
DA:116,3
DA:117,3
DA:120,3
DA:121,3
DA:124,1
DA:125,6
DA:128,6
DA:131,1
DA:132,40
DA:134,40
DA:135,40
DA:140,40
DA:144,40
DA:149,71
DA:164,1
DA:167,1
DA:168,1
DA:230,1
DA:236,2
DA:246,1
DA:247,1
LF:79
LH:70
BRDA:7,1,0,1
BRDA:7,1,1,0
BRDA:7,2,0,0
BRDA:7,2,1,0
BRDA:23,3,0,0
BRDA:23,3,1,3
BRDA:23,4,0,3
BRDA:23,4,1,3
BRDA:25,5,0,0
BRDA:25,5,1,0
BRDA:25,6,0,0
BRDA:25,6,1,0
BRDA:25,6,2,0
BRDA:27,7,0,0
BRDA:27,7,1,9
BRDA:29,8,0,0
BRDA:29,8,1,9
BRDA:29,9,0,9
BRDA:29,9,1,0
BRDA:29,10,0,9
BRDA:29,10,1,9
BRDA:29,10,2,0
BRDA:31,11,0,0
BRDA:31,11,1,1
BRDA:31,12,0,1
BRDA:31,12,1,0
BRDA:31,13,0,1
BRDA:31,13,1,1
BRDA:31,14,0,1
BRDA:31,14,1,0
BRDA:31,15,0,1
BRDA:31,15,1,0
BRDA:46,16,0,9
BRDA:46,16,1,8
BRDA:53,17,0,1
BRDA:53,17,1,22
BRDA:82,18,0,3
BRDA:82,18,1,0
BRDA:97,19,0,0
BRDA:97,19,1,3
BRDA:99,20,0,0
BRDA:99,20,1,0
BRDA:105,21,0,0
BRDA:105,21,1,0
BRDA:147,22,0,38
BRDA:147,22,1,2
BRF:46
BRH:23
end_of_record
TN:
SF:/Users/dushao/project/uxcore-mention/src/editor-components/inputEditor.jsx
FN:7,(anonymous_1)
FN:23,_interopRequireDefault
FN:25,_defaults
FN:27,_classCallCheck
FN:29,_possibleConstructorReturn
FN:31,_inherits
FN:37,(anonymous_7)
FN:40,InputEditor
FN:52,componentWillReceiveProps
FN:60,componentDidMount
FN:67,handleDefaultKeyup
FN:91,insert
FN:95,insertContentAtCaret
FN:118,(anonymous_14)
FN:127,handleChange
FN:134,render
FN:152,ref
FN:238,mentionFormatter
FN:242,onAdd
FNF:19
FNH:17
FNDA:0,(anonymous_1)
FNDA:3,_interopRequireDefault
FNDA:0,_defaults
FNDA:8,_classCallCheck
FNDA:8,_possibleConstructorReturn
FNDA:1,_inherits
FNDA:1,(anonymous_7)
FNDA:8,InputEditor
FNDA:23,componentWillReceiveProps
FNDA:8,componentDidMount
FNDA:3,handleDefaultKeyup
FNDA:2,insert
FNDA:2,insertContentAtCaret
FNDA:2,(anonymous_14)
FNDA:6,handleChange
FNDA:38,render
FNDA:68,ref
FNDA:2,mentionFormatter
FNDA:2,onAdd
DA:3,1
DA:7,1
DA:9,1
DA:11,1
DA:13,1
DA:15,1
DA:17,1
DA:19,1
DA:21,1
DA:23,3
DA:25,1
DA:27,8
DA:29,8
DA:31,1
DA:37,1
DA:38,1
DA:40,1
DA:41,8
DA:43,8
DA:45,8
DA:48,8
DA:49,8
DA:52,1
DA:53,23
DA:54,1
DA:60,1
DA:61,8
DA:67,1
DA:68,3
DA:69,3
DA:71,3
DA:72,3
DA:74,3
DA:75,3
DA:76,3
DA:77,3
DA:78,3
DA:82,3
DA:83,3
DA:84,3
DA:91,1
DA:92,2
DA:95,1
DA:96,2
DA:97,2
DA:98,0
DA:99,0
DA:100,0
DA:101,0
DA:102,0
DA:103,0
DA:104,0
DA:105,0
DA:106,0
DA:109,2
DA:110,2
DA:115,2
DA:116,2
DA:119,2
DA:120,2
DA:123,2
DA:124,2
DA:127,1
DA:128,6
DA:131,6
DA:134,1
DA:135,38
DA:137,38
DA:138,38
DA:143,38
DA:147,38
DA:153,68
DA:167,1
DA:170,1
DA:171,1
DA:233,1
DA:239,2
DA:249,1
DA:250,1
LF:79
LH:70
BRDA:7,1,0,1
BRDA:7,1,1,0
BRDA:7,2,0,0
BRDA:7,2,1,0
BRDA:23,3,0,0
BRDA:23,3,1,3
BRDA:23,4,0,3
BRDA:23,4,1,3
BRDA:25,5,0,0
BRDA:25,5,1,0
BRDA:25,6,0,0
BRDA:25,6,1,0
BRDA:25,6,2,0
BRDA:27,7,0,0
BRDA:27,7,1,8
BRDA:29,8,0,0
BRDA:29,8,1,8
BRDA:29,9,0,8
BRDA:29,9,1,0
BRDA:29,10,0,8
BRDA:29,10,1,8
BRDA:29,10,2,0
BRDA:31,11,0,0
BRDA:31,11,1,1
BRDA:31,12,0,1
BRDA:31,12,1,0
BRDA:31,13,0,1
BRDA:31,13,1,1
BRDA:31,14,0,1
BRDA:31,14,1,0
BRDA:31,15,0,1
BRDA:31,15,1,0
BRDA:46,16,0,8
BRDA:46,16,1,7
BRDA:53,17,0,1
BRDA:53,17,1,22
BRDA:82,18,0,3
BRDA:82,18,1,0
BRDA:97,19,0,0
BRDA:97,19,1,2
BRDA:99,20,0,0
BRDA:99,20,1,0
BRDA:105,21,0,0
BRDA:105,21,1,0
BRDA:150,22,0,36
BRDA:150,22,1,2
BRF:46
BRH:23
end_of_record
TN:
SF:/Users/dushao/project/uxcore-mention/src/components/TinymceMention.jsx
FN:37,_interopRequireDefault
FN:39,_defaults
FN:41,_classCallCheck
FN:43,_possibleConstructorReturn
FN:45,_inherits
FN:49,pluginInitialized
FN:61,(anonymous_7)
FN:64,TinymceMention
FN:81,componentWillMount
FN:85,(anonymous_10)
FN:87,(anonymous_11)
FN:90,(anonymous_12)
FN:98,componentDidMount
FN:106,(anonymous_14)
FN:121,componentWillUnmount
FN:126,onKeydown
FN:146,onKeyup
FN:164,handleDefaultKeyup
FN:200,insert
FN:214,insertWithElementNode
FN:231,insertWithTextNode
FN:249,setPanelPos
FN:261,selectItem
FN:268,render
FN:281,ref
FN:358,formatter
FN:361,mentionFormatter
FN:364,panelFormatter
FN:367,onChange
FN:368,onAdd
FNF:30
FNH:26
FNDA:6,_interopRequireDefault
FNDA:0,_defaults
FNDA:1,_classCallCheck
FNDA:1,_possibleConstructorReturn
FNDA:1,_inherits
FNDA:1,pluginInitialized
FNDA:1,(anonymous_7)
FNDA:1,TinymceMention
FNDA:1,componentWillMount
FNDA:1,(anonymous_10)
FNDA:4,(anonymous_11)
FNDA:4,(anonymous_12)
FNDA:1,componentDidMount
FNDA:2,(anonymous_14)
FNDA:0,componentWillUnmount
FNDA:4,onKeydown
FNDA:5,onKeyup
FNDA:2,handleDefaultKeyup
FNDA:2,insert
FNDA:1,insertWithElementNode
FNDA:1,insertWithTextNode
FNDA:2,setPanelPos
FNDA:2,selectItem
FNDA:17,render
FNDA:33,ref
FNDA:0,formatter
FNDA:2,mentionFormatter
FNDA:28,panelFormatter
FNDA:0,onChange
FNDA:2,onAdd
DA:3,1
DA:7,1
DA:9,1
DA:11,1
DA:13,1
DA:15,1
DA:17,1
DA:19,1
DA:21,1
DA:23,1
DA:25,1
DA:27,1
DA:29,1
DA:31,1
DA:33,1
DA:35,1
DA:37,6
DA:39,1
DA:41,1
DA:43,1
DA:45,1
DA:47,1
DA:49,1
DA:50,1
DA:51,1
DA:52,1
DA:53,1
DA:61,1
DA:62,1
DA:64,1
DA:65,1
DA:67,1
DA:69,1
DA:78,1
DA:81,1
DA:82,1
DA:84,1
DA:85,1
DA:86,1
DA:87,1
DA:88,4
DA:90,1
DA:91,4
DA:92,4
DA:98,1
DA:99,1
DA:100,1
DA:101,1
DA:102,1
DA:103,1
DA:107,2
DA:108,2
DA:109,1
DA:115,2
DA:118,1
DA:121,1
DA:122,0
DA:123,0
DA:126,1
DA:127,4
DA:129,4
DA:132,1
DA:133,1
DA:135,1
DA:137,2
DA:138,2
DA:140,2
DA:142,1
DA:146,1
DA:147,5
DA:149,5
DA:152,1
DA:153,1
DA:155,1
DA:157,2
DA:159,2
DA:160,2
DA:164,1
DA:165,2
DA:167,2
DA:168,2
DA:169,2
DA:170,2
DA:171,2
DA:172,2
DA:173,2
DA:174,2
DA:175,2
DA:176,2
DA:177,2
DA:178,2
DA:179,2
DA:183,2
DA:185,2
DA:188,0
DA:189,0
DA:193,0
DA:195,2
DA:200,1
DA:201,2
DA:203,2
DA:205,1
DA:206,1
DA:209,1
DA:210,1
DA:214,1
DA:215,1
DA:216,1
DA:217,1
DA:219,1
DA:220,1
DA:221,1
DA:222,1
DA:223,1
DA:224,1
DA:225,1
DA:226,1
DA:227,1
DA:228,1
DA:231,1
DA:232,1
DA:233,1
DA:234,1
DA:235,1
DA:236,1
DA:237,1
DA:238,1
DA:239,1
DA:240,1
DA:242,0
DA:243,0
DA:244,0
DA:249,1
DA:250,2
DA:252,2
DA:256,2
DA:261,1
DA:262,2
DA:263,2
DA:268,1
DA:269,17
DA:271,17
DA:275,17
DA:279,17
DA:282,33
DA:296,1
DA:299,1
DA:300,1
DA:353,1
DA:359,0
DA:362,2
DA:365,28
DA:373,1
DA:375,1
DA:376,1
LF:155
LH:146
BRDA:37,1,0,0
BRDA:37,1,1,6
BRDA:37,2,0,6
BRDA:37,2,1,6
BRDA:39,3,0,0
BRDA:39,3,1,0
BRDA:39,4,0,0
BRDA:39,4,1,0
BRDA:39,4,2,0
BRDA:41,5,0,0
BRDA:41,5,1,1
BRDA:43,6,0,0
BRDA:43,6,1,1
BRDA:43,7,0,1
BRDA:43,7,1,0
BRDA:43,8,0,1
BRDA:43,8,1,1
BRDA:43,8,2,0
BRDA:45,9,0,0
BRDA:45,9,1,1
BRDA:45,10,0,1
BRDA:45,10,1,0
BRDA:45,11,0,1
BRDA:45,11,1,1
BRDA:45,12,0,1
BRDA:45,12,1,0
BRDA:45,13,0,1
BRDA:45,13,1,0
BRDA:51,14,0,1
BRDA:51,14,1,0
BRDA:52,15,0,1
BRDA:52,15,1,0
BRDA:84,16,0,1
BRDA:84,16,1,0
BRDA:108,17,0,1
BRDA:108,17,1,1
BRDA:108,18,0,2
BRDA:108,18,1,1
BRDA:129,19,0,0
BRDA:129,19,1,1
BRDA:129,19,2,2
BRDA:129,19,3,1
BRDA:132,20,0,1
BRDA:132,20,1,0
BRDA:137,21,0,2
BRDA:137,21,1,0
BRDA:149,22,0,0
BRDA:149,22,1,1
BRDA:149,22,2,2
BRDA:149,22,3,2
BRDA:152,23,0,1
BRDA:152,23,1,0
BRDA:169,24,0,2
BRDA:169,24,1,0
BRDA:175,25,0,2
BRDA:175,25,1,0
BRDA:176,26,0,2
BRDA:176,26,1,0
BRDA:203,27,0,1
BRDA:203,27,1,1
BRDA:203,27,2,1
BRDA:216,28,0,1
BRDA:216,28,1,0
BRDA:233,29,0,1
BRDA:233,29,1,0
BRDA:234,30,0,1
BRDA:234,30,1,0
BRF:67
BRH:39
end_of_record
